<?xml version="1.0" encoding="UTF-8"?>
<!-- Generated by org.testng.reporters.JUnitReportReporter -->
<testsuite skipped="0" hostname="ammar" name="com.qa.tests.GetAPITest" tests="2" failures="0" timestamp="10 Dec 2018 03:18:33 GMT" time="1.427" errors="0">
  <testcase name="getAPITestWithoutHeaders" time="1.058" classname="com.qa.tests.GetAPITest"/>
  <testcase name="getAPITestWithHeaders" time="0.369" classname="com.qa.tests.GetAPITest"/>
</testsuite> <!-- com.qa.tests.GetAPITest -->
